[evaluate HW5_python.py]
   col1  col2
0     1     3
1     2     4
   col1  col2  newcol  onesCol
0     1     3       3        1
1     2     4       4        1
   A  B
0  5  6
1  7  8
x-wingide-python-shell://4646270480/7:29: FutureWarning: ChainedAssignmentError: behaviour will change in pandas 3.0!
You are setting values through chained assignment. Currently this works in certain cases, but when using Copy-on-Write (which will become the default behaviour in pandas 3.0) this will never work to update the original DataFrame or Series, because the intermediate object on which we are setting values will behave as a copy.
A typical example is when you are setting values in a column of a DataFrame, like:

df["col"][row_indexer] = value

Use `df.loc[row_indexer, "col"] = values` instead, to perform the assignment in a single step and ensure this keeps updating the original `df`.

See the caveats in the documentation: https://pandas.pydata.org/pandas-docs/stable/user_guide/indexing.html#returning-a-view-versus-a-copy

x-wingide-python-shell://4646270480/7:29: SettingWithCopyWarning: 
A value is trying to be set on a copy of a slice from a DataFrame

See the caveats in the documentation: https://pandas.pydata.org/pandas-docs/stable/user_guide/indexing.html#returning-a-view-versus-a-copy
     rns rns80  mrt mrt80 smsa  ...  expr80  tenure  tenure80     lw   lw80
0     no    no   no   yes  yes  ...  10.635       0         2  5.900  6.645
1     no    no   no   yes  yes  ...  11.367       2        16  5.438  6.694
2     no    no   no   yes  yes  ...  11.035       1         9  5.710  6.715
3     no    no   no   yes  yes  ...  13.089       1         7  5.481  6.477
4     no    no  yes   yes  yes  ...  14.402       3         5  5.927  6.332
..   ...   ...  ...   ...  ...  ...     ...     ...       ...    ...    ...
753  yes   yes  yes   yes  yes  ...   8.205       1        10  6.023  7.274
754  yes   yes  yes   yes   no  ...  10.737       1         3  5.176  6.469
755  yes   yes  yes   yes   no  ...  10.589       0         5  5.784  6.467
756  yes   yes  yes   yes   no  ...   9.004       2         3  5.628  6.168
757  yes   yes  yes   yes  yes  ...   9.834       1         3  5.075  7.092

[758 rows x 20 columns]
['T', '_AXIS_LEN', '_AXIS_ORDERS', '_AXIS_TO_AXIS_NUMBER', '_HANDLED_TYPES', '__abs__', '__add__', '__and__', '__annotations__', '__array__', '__array_priority__', '__array_ufunc__', '__arrow_c_stream__', '__bool__', '__class__', '__contains__', '__copy__', '__dataframe__', '__dataframe_consortium_standard__', '__deepcopy__', '__delattr__', '__delitem__', '__dict__', '__dir__', '__divmod__', '__doc__', '__eq__', '__finalize__', '__floordiv__', '__format__', '__ge__', '__getattr__', '__getattribute__', '__getitem__', '__getstate__', '__gt__', '__hash__', '__iadd__', '__iand__', '__ifloordiv__', '__imod__', '__imul__', '__init__', '__init_subclass__', '__invert__', '__ior__', '__ipow__', '__isub__', '__iter__', '__itruediv__', '__ixor__', '__le__', '__len__', '__lt__', '__matmul__', '__mod__', '__module__', '__mul__', '__ne__', '__neg__', '__new__', '__nonzero__', '__or__', '__pandas_priority__', '__pos__', '__pow__', '__radd__', '__rand__', '__rdivmod__', '__reduce__', '__reduce_ex__', '__repr__', '__rfloordiv__', '__rmatmul__', '__rmod__', '__rmul__', '__ror__', '__round__', '__rpow__', '__rsub__', '__rtruediv__', '__rxor__', '__setattr__', '__setitem__', '__setstate__', '__sizeof__', '__str__', '__sub__', '__subclasshook__', '__truediv__', '__weakref__', '__xor__', '_accessors', '_accum_func', '_agg_examples_doc', '_agg_see_also_doc', '_align_for_op', '_align_frame', '_align_series', '_append', '_arith_method', '_arith_method_with_reindex', '_as_manager', '_attrs', '_box_col_values', '_can_fast_transpose', '_check_inplace_and_allows_duplicate_labels', '_check_is_chained_assignment_possible', '_check_label_or_level_ambiguity', '_check_setitem_copy', '_clear_item_cache', '_clip_with_one_bound', '_clip_with_scalar', '_cmp_method', '_combine_frame', '_consolidate', '_consolidate_inplace', '_construct_axes_dict', '_construct_result', '_constructor', '_constructor_from_mgr', '_constructor_sliced', '_constructor_sliced_from_mgr', '_create_data_for_split_and_tight_to_dict', '_data', '_deprecate_downcast', '_dir_additions', '_dir_deletions', '_dispatch_frame_op', '_drop_axis', '_drop_labels_or_levels', '_ensure_valid_index', '_find_valid_index', '_flags', '_flex_arith_method', '_flex_cmp_method', '_from_arrays', '_from_mgr', '_get_agg_axis', '_get_axis', '_get_axis_name', '_get_axis_number', '_get_axis_resolvers', '_get_block_manager_axis', '_get_bool_data', '_get_cleaned_column_resolvers', '_get_column_array', '_get_index_resolvers', '_get_item_cache', '_get_label_or_level_values', '_get_numeric_data', '_get_value', '_get_values_for_csv', '_getitem_bool_array', '_getitem_multilevel', '_getitem_nocopy', '_getitem_slice', '_gotitem', '_hidden_attrs', '_indexed_same', '_info_axis', '_info_axis_name', '_info_axis_number', '_info_repr', '_init_mgr', '_inplace_method', '_internal_names', '_internal_names_set', '_is_copy', '_is_homogeneous_type', '_is_label_or_level_reference', '_is_label_reference', '_is_level_reference', '_is_mixed_type', '_is_view', '_is_view_after_cow_rules', '_iset_item', '_iset_item_mgr', '_iset_not_inplace', '_item_cache', '_iter_column_arrays', '_ixs', '_logical_func', '_logical_method', '_maybe_align_series_as_frame', '_maybe_cache_changed', '_maybe_update_cacher', '_metadata', '_mgr', '_min_count_stat_function', '_needs_reindex_multi', '_pad_or_backfill', '_protect_consolidate', '_reduce', '_reduce_axis1', '_reindex_axes', '_reindex_multi', '_reindex_with_indexers', '_rename', '_replace_columnwise', '_repr_data_resource_', '_repr_fits_horizontal_', '_repr_fits_vertical_', '_repr_html_', '_repr_latex_', '_reset_cache', '_reset_cacher', '_sanitize_column', '_series', '_set_axis', '_set_axis_name', '_set_axis_nocheck', '_set_is_copy', '_set_item', '_set_item_frame_value', '_set_item_mgr', '_set_value', '_setitem_array', '_setitem_frame', '_setitem_slice', '_shift_with_freq', '_should_reindex_frame_op', '_slice', '_stat_function', '_stat_function_ddof', '_take_with_is_copy', '_to_dict_of_blocks', '_to_latex_via_styler', '_typ', '_update_inplace', '_validate_dtype', '_values', '_where', 'abs', 'add', 'add_prefix', 'add_suffix', 'age', 'age80', 'agg', 'aggregate', 'align', 'all', 'any', 'apply', 'applymap', 'asfreq', 'asof', 'assign', 'astype', 'at', 'at_time', 'attrs', 'axes', 'backfill', 'between_time', 'bfill', 'bool', 'boxplot', 'clip', 'columns', 'combine', 'combine_first', 'compare', 'convert_dtypes', 'copy', 'corr', 'corrwith', 'count', 'cov', 'cummax', 'cummin', 'cumprod', 'cumsum', 'describe', 'diff', 'div', 'divide', 'dot', 'drop', 'drop_duplicates', 'droplevel', 'dropna', 'dtypes', 'duplicated', 'empty', 'eq', 'equals', 'eval', 'ewm', 'expanding', 'explode', 'expr', 'expr80', 'ffill', 'fillna', 'filter', 'first', 'first_valid_index', 'flags', 'floordiv', 'from_dict', 'from_records', 'ge', 'get', 'groupby', 'gt', 'head', 'hist', 'iat', 'idxmax', 'idxmin', 'iloc', 'index', 'infer_objects', 'info', 'insert', 'interpolate', 'iq', 'isetitem', 'isin', 'isna', 'isnull', 'items', 'iterrows', 'itertuples', 'join', 'keys', 'kurt', 'kurtosis', 'kww', 'last', 'last_valid_index', 'le', 'loc', 'lt', 'lw', 'lw80', 'map', 'mask', 'max', 'mean', 'med', 'median', 'melt', 'memory_usage', 'merge', 'min', 'mod', 'mode', 'mrt', 'mrt80', 'mul', 'multiply', 'ndim', 'ne', 'nlargest', 'notna', 'notnull', 'nsmallest', 'nunique', 'pad', 'pct_change', 'pipe', 'pivot', 'pivot_table', 'plot', 'pop', 'pow', 'prod', 'product', 'quantile', 'query', 'radd', 'rank', 'rdiv', 'reindex', 'reindex_like', 'rename', 'rename_axis', 'reorder_levels', 'replace', 'resample', 'reset_index', 'rfloordiv', 'rmod', 'rmul', 'rns', 'rns80', 'rolling', 'round', 'rpow', 'rsub', 'rtruediv', 'sample', 'school', 'school80', 'select_dtypes', 'sem', 'set_axis', 'set_flags', 'set_index', 'shape', 'shift', 'size', 'skew', 'smsa', 'smsa80', 'sort_index', 'sort_values', 'squeeze', 'stack', 'std', 'style', 'sub', 'subtract', 'sum', 'swapaxes', 'swaplevel', 'tail', 'take', 'tenure', 'tenure80', 'to_clipboard', 'to_csv', 'to_dict', 'to_excel', 'to_feather', 'to_gbq', 'to_hdf', 'to_html', 'to_json', 'to_latex', 'to_markdown', 'to_numpy', 'to_orc', 'to_parquet', 'to_period', 'to_pickle', 'to_records', 'to_sql', 'to_stata', 'to_string', 'to_timestamp', 'to_xarray', 'to_xml', 'transform', 'transpose', 'truediv', 'truncate', 'tz_convert', 'tz_localize', 'unstack', 'update', 'value_counts', 'values', 'var', 'where', 'xs', 'year']
(758, 20)
rns          object
rns80        object
mrt          object
mrt80        object
smsa         object
smsa80       object
med           int64
iq            int64
kww           int64
year          int64
age           int64
age80         int64
school        int64
school80      int64
expr        float64
expr80      float64
tenure        int64
tenure80      int64
lw          float64
lw80        float64
dtype: object
             med          iq         kww  ...    tenure80          lw        lw80
count  758.00000  758.000000  758.000000  ...  758.000000  758.000000  758.000000
mean    10.91029  103.856201   36.573879  ...    7.362797    5.686739    6.826555
std      2.74112   13.618666    7.302247  ...    5.050240    0.428949    0.409927
min      0.00000   54.000000   12.000000  ...    0.000000    4.605000    4.749000
25%      9.00000   95.250000   32.000000  ...    3.000000    5.380000    6.571000
50%     12.00000  104.000000   37.000000  ...    7.000000    5.684000    6.854500
75%     12.00000  113.750000   41.000000  ...   11.000000    5.991000    7.091750
max     18.00000  145.000000   56.000000  ...   22.000000    7.051000    8.032000

[8 rows x 14 columns]
  rns rns80  mrt  ... Metro Resident New Marital Status Marital Status New
0  no    no   no  ...              Metro        Married            Married
1  no    no   no  ...              Metro        Married            Married
2  no    no   no  ...              Metro        Married            Married
3  no    no   no  ...              Metro        Married            Married
4  no    no  yes  ...              Metro        Married            Married

[5 rows x 26 columns]
     rns rns80  mrt  ... Metro Resident New Marital Status Marital Status New
0     no    no   no  ...              Metro        Married            Married
1     no    no   no  ...              Metro        Married            Married
2     no    no   no  ...              Metro        Married            Married
3     no    no   no  ...              Metro        Married            Married
4     no    no  yes  ...              Metro        Married            Married
..   ...   ...  ...  ...                ...            ...                ...
746  yes   yes  yes  ...              Metro        Married            Married
747  yes   yes   no  ...              Metro        Married        Not Married
750  yes   yes  yes  ...              Metro        Married            Married
753  yes   yes  yes  ...              Metro        Married            Married
757  yes   yes  yes  ...              Metro        Married            Married

[534 rows x 26 columns]
     rns rns80  mrt  ... Metro Resident New Marital Status Marital Status New
7     no    no  yes  ...              Metro    Not Married        Not Married
9     no    no  yes  ...              Metro    Not Married        Not Married
10    no    no  yes  ...              Metro    Not Married        Not Married
11    no    no   no  ...          Not Metro    Not Married        Not Married
22    no    no  yes  ...              Metro    Not Married            Married
..   ...   ...  ...  ...                ...            ...                ...
751  yes   yes  yes  ...              Metro    Not Married        Not Married
752  yes   yes  yes  ...              Metro    Not Married        Not Married
754  yes   yes  yes  ...              Metro    Not Married        Not Married
755  yes   yes  yes  ...              Metro    Not Married        Not Married
756  yes   yes  yes  ...              Metro    Not Married        Not Married

[224 rows x 26 columns]
0.42894935433697495
0.40826730756533713
19708
(758, 26)
758
5.686738786279684
5.684
0    5.298
Name: lw, dtype: float64
count    758.000000
mean       5.686739
std        0.428949
min        4.605000
25%        5.380000
50%        5.684000
75%        5.991000
max        7.051000
Name: lw, dtype: float64
-1.9599639845400545
1.959963984540054
0.030585419042408798
[5.656153367237275, 5.717324205322093]
        lw
0    5.900
1    5.438
2    5.710
3    5.481
4    5.927
..     ...
753  6.023
754  5.176
755  5.784
756  5.628
757  5.075

[758 rows x 1 columns]
        lw
585  4.605
444  4.605
423  4.654
693  4.718
553  4.745
..     ...
143  6.763
602  6.786
543  6.844
22   6.869
575  7.051

[758 rows x 1 columns]
0.5131176018331918
rns                    object
rns80                  object
mrt                    object
mrt80                  object
smsa                   object
smsa80                 object
med                     int64
iq                      int64
kww                     int64
year                    int64
age                     int64
age80                   int64
school                  int64
school80                int64
expr                  float64
expr80                float64
tenure                  int64
tenure80                int64
lw                    float64
lw80                  float64
South Resident         object
South Resident New     object
Metro Resident         object
Metro Resident New     object
Marital Status         object
Marital Status New     object
line0                 float64
line1                 float64
dtype: object
Chi2ContingencyResult(statistic=2931.0715601331003, pvalue=0.0034030620010360915, dof=2727, expected_freq=array([[0.04221636, 0.02110818, 0.02110818, ..., 0.02110818, 0.02110818,
        0.02110818],
       [0.07651715, 0.03825858, 0.03825858, ..., 0.03825858, 0.03825858,
        0.03825858],
       [0.08970976, 0.04485488, 0.04485488, ..., 0.04485488, 0.04485488,
        0.04485488],
       ...,
       [0.39841689, 0.19920844, 0.19920844, ..., 0.19920844, 0.19920844,
        0.19920844],
       [0.08707124, 0.04353562, 0.04353562, ..., 0.04353562, 0.04353562,
        0.04353562],
       [0.09234828, 0.04617414, 0.04617414, ..., 0.04617414, 0.04617414,
        0.04617414]]))
36.84817902693914 2.0196577480634483e-09
